contactkit-ui/build/intermediates/manifest_merge_blame_file/debug/manifest-merger-blame-debug-report.txt
1<?xml version="1.0" encoding="utf-8"?>
2<!--
3  ~ Copyright (c) 2022 NetEase, Inc. All rights reserved.
4  ~ Use of this source code is governed by a MIT license that can be
5  ~ found in the LICENSE file.
6-->
7<manifest xmlns:android="http://schemas.android.com/apk/res/android"
8    xmlns:tools="http://schemas.android.com/tools"
9    package="com.netease.yunxin.kit.contactkit.ui" >
10
11    <uses-sdk
12        android:minSdkVersion="21"
12-->src\main\AndroidManifest.xml
13        android:targetSdkVersion="30" />
13-->src\main\AndroidManifest.xml
14
15    <application>
15-->src\main\AndroidManifest.xml:12:5-64:19
16        <provider
16-->src\main\AndroidManifest.xml:13:9-21:20
17            android:name="com.netease.yunxin.kit.corekit.startup.InitializationProvider"
17-->src\main\AndroidManifest.xml:14:13-89
18            android:authorities="${applicationId}.xkit-startup"
18-->src\main\AndroidManifest.xml:15:13-64
19            android:exported="false"
19-->src\main\AndroidManifest.xml:16:13-37
20            tools:node="merge" >
20-->src\main\AndroidManifest.xml:17:13-31
21            <meta-data
21-->src\main\AndroidManifest.xml:18:13-20:48
22                android:name="com.netease.yunxin.kit.contactkit.ui.ContactUIService"
22-->src\main\AndroidManifest.xml:19:17-85
23                android:value="xkit.startup" />
23-->src\main\AndroidManifest.xml:20:17-45
24        </provider>
25
26        <activity
26-->src\main\AndroidManifest.xml:23:9-26:40
27            android:name="com.netease.yunxin.kit.contactkit.ui.contact.ContactActivity"
27-->src\main\AndroidManifest.xml:24:13-52
28            android:exported="false"
28-->src\main\AndroidManifest.xml:26:13-37
29            android:screenOrientation="portrait" />
29-->src\main\AndroidManifest.xml:25:13-49
30        <activity
30-->src\main\AndroidManifest.xml:28:9-31:40
31            android:name="com.netease.yunxin.kit.contactkit.ui.addfriend.AddFriendActivity"
31-->src\main\AndroidManifest.xml:29:13-56
32            android:exported="false"
32-->src\main\AndroidManifest.xml:31:13-37
33            android:screenOrientation="portrait" />
33-->src\main\AndroidManifest.xml:30:13-49
34        <activity
34-->src\main\AndroidManifest.xml:34:9-37:46
35            android:name="com.netease.yunxin.kit.contactkit.ui.blacklist.BlackListActivity"
35-->src\main\AndroidManifest.xml:35:13-56
36            android:launchMode="singleTop"
36-->src\main\AndroidManifest.xml:37:13-43
37            android:screenOrientation="portrait" />
37-->src\main\AndroidManifest.xml:36:13-49
38        <activity
38-->src\main\AndroidManifest.xml:39:9-42:46
39            android:name="com.netease.yunxin.kit.contactkit.ui.team.TeamListActivity"
39-->src\main\AndroidManifest.xml:40:13-50
40            android:launchMode="singleTop"
40-->src\main\AndroidManifest.xml:42:13-43
41            android:screenOrientation="portrait" />
41-->src\main\AndroidManifest.xml:41:13-49
42        <activity
42-->src\main\AndroidManifest.xml:44:9-47:46
43            android:name="com.netease.yunxin.kit.contactkit.ui.verify.VerifyListActivity"
43-->src\main\AndroidManifest.xml:45:13-54
44            android:launchMode="singleTop"
44-->src\main\AndroidManifest.xml:47:13-43
45            android:screenOrientation="portrait" />
45-->src\main\AndroidManifest.xml:46:13-49
46        <activity
46-->src\main\AndroidManifest.xml:49:9-52:46
47            android:name="com.netease.yunxin.kit.contactkit.ui.userinfo.UserInfoActivity"
47-->src\main\AndroidManifest.xml:50:13-54
48            android:launchMode="singleTop"
48-->src\main\AndroidManifest.xml:52:13-43
49            android:screenOrientation="portrait" />
49-->src\main\AndroidManifest.xml:51:13-49
50        <activity
50-->src\main\AndroidManifest.xml:54:9-57:46
51            android:name="com.netease.yunxin.kit.contactkit.ui.userinfo.CommentActivity"
51-->src\main\AndroidManifest.xml:55:13-53
52            android:launchMode="singleTop"
52-->src\main\AndroidManifest.xml:57:13-43
53            android:screenOrientation="portrait" />
53-->src\main\AndroidManifest.xml:56:13-49
54        <activity
54-->src\main\AndroidManifest.xml:59:9-62:46
55            android:name="com.netease.yunxin.kit.contactkit.ui.selector.ContactSelectorActivity"
55-->src\main\AndroidManifest.xml:60:13-61
56            android:launchMode="singleTop"
56-->src\main\AndroidManifest.xml:62:13-43
57            android:screenOrientation="portrait" />
57-->src\main\AndroidManifest.xml:61:13-49
58    </application>
59
60</manifest>